<?xml version="1.0" encoding="utf-8"?><testsuites name="pytest tests"><testsuite name="pytest" errors="0" failures="2" skipped="1" tests="17" time="3.605" timestamp="2026-06-30T13:08:33.281948+00:00" hostname="agent-env-d010e5f8-adfe-4347-aeb8-6ec5649cd0ca"><testcase classname="tests.backend_test" name="test_root_health" time="0.152" /><testcase classname="tests.backend_test" name="test_models_catalog" time="0.046" /><testcase classname="tests.backend_test" name="test_packages_catalog" time="0.043" /><testcase classname="tests.backend_test" name="test_register_duplicate_rejected" time="0.329" /><testcase classname="tests.backend_test" name="test_login_wrong_password" time="0.267" /><testcase classname="tests.backend_test" name="test_login_success" time="0.271" /><testcase classname="tests.backend_test" name="test_me_with_token" time="0.043" /><testcase classname="tests.backend_test" name="test_me_without_token" time="0.040" /><testcase classname="tests.backend_test" name="test_generate_unavailable_model" time="0.047" /><testcase classname="tests.backend_test" name="test_generate_unknown_model" time="0.045" /><testcase classname="tests.backend_test" name="test_generate_nano_banana" time="0.400"><failure message="AssertionError: generate failed: 500 {&quot;detail&quot;:&quot;Generation failed: Failed to generate multimodal completion: litellm.BadRequestError: OpenAIException - Budget has been exceeded! Current cost: 0.0, Max budget: 0.0&quot;}&#10;assert 500 == 200&#10; +  where 500 = &lt;Response [500]&gt;.status_code">backend/tests/backend_test.py:125: in test_generate_nano_banana
    assert r.status_code == 200, f"generate failed: {r.status_code} {r.text[:500]}"
E   AssertionError: generate failed: 500 {"detail":"Generation failed: Failed to generate multimodal completion: litellm.BadRequestError: OpenAIException - Budget has been exceeded! Current cost: 0.0, Max budget: 0.0"}
E   assert 500 == 200
E    +  where 500 = &lt;Response [500]&gt;.status_code</failure></testcase><testcase classname="tests.backend_test" name="test_generations_history" time="0.045"><failure message="assert False&#10; +  where False = any(&lt;generator object test_generations_history.&lt;locals&gt;.&lt;genexpr&gt; at 0xf924c1c32810&gt;)">backend/tests/backend_test.py:144: in test_generations_history
    assert any(g["id"] == pytest.gen_id for g in gens)
E   assert False
E    +  where False = any(&lt;generator object test_generations_history.&lt;locals&gt;.&lt;genexpr&gt; at 0xf924c1c32810&gt;)</failure></testcase><testcase classname="tests.backend_test" name="test_explore_returns_generations" time="0.042" /><testcase classname="tests.backend_test" name="test_insufficient_credits" time="0.268"><skipped type="pytest.skip" message="Skipping live credit drain test to avoid expensive repeated generation calls">/app/backend/tests/backend_test.py:171: Skipping live credit drain test to avoid expensive repeated generation calls</skipped></testcase><testcase classname="tests.backend_test" name="test_checkout_session_creation" time="0.591" /><testcase classname="tests.backend_test" name="test_checkout_session_invalid_package" time="0.044" /><testcase classname="tests.backend_test" name="test_checkout_status" time="0.324" /></testsuite></testsuites>